0 info it worked if it ends with ok
1 verbose cli [ '/usr/bin/node', '/usr/bin/npm', 'run', 'deploy' ]
2 info using npm@3.5.2
3 info using node@v8.10.0
4 verbose run-script [ 'predeploy', 'deploy', 'postdeploy' ]
5 info lifecycle myBlog@1.0.0~predeploy: myBlog@1.0.0
6 silly lifecycle myBlog@1.0.0~predeploy: no script for predeploy, continuing
7 info lifecycle myBlog@1.0.0~deploy: myBlog@1.0.0
8 verbose lifecycle myBlog@1.0.0~deploy: unsafe-perm in lifecycle true
9 verbose lifecycle myBlog@1.0.0~deploy: PATH: /usr/share/npm/bin/node-gyp-bin:/mnt/c/Users/ferra/Documents/myBlog/git-blog/node_modules/.bin:/usr/local/sbin:/usr/local/bin:/usr/sbin:/usr/bin:/sbin:/bin:/usr/games:/usr/local/games:/mnt/c/Program Files/Intel/iCLS Client:/mnt/c/Windows/System32:/mnt/c/Windows:/mnt/c/Windows/System32/wbem:/mnt/c/Windows/System32/WindowsPowerShell/v1.0:/mnt/c/Windows/System32/OpenSSH:/mnt/c/Program Files/Intel/WiFi/bin:/mnt/c/Program Files/Common Files/Intel/WirelessCommon:/mnt/c/Program Files (x86)/Intel/Intel(R) Management Engine Components/DAL:/mnt/c/Program Files/Intel/Intel(R) Management Engine Components/DAL:/mnt/c/Program Files/Microsoft SQL Server/120/Tools/Binn:/mnt/c/Program Files/Common Files/Autodesk Shared:/mnt/c/Users/ferra/AppData/Local/Microsoft/WindowsApps:/snap/bin
10 verbose lifecycle myBlog@1.0.0~deploy: CWD: /mnt/c/Users/ferra/Documents/myBlog/git-blog
11 silly lifecycle myBlog@1.0.0~deploy: Args: [ '-c', 'bash deploy.sh' ]
12 info lifecycle myBlog@1.0.0~deploy: Failed to exec deploy script
13 verbose stack Error: myBlog@1.0.0 deploy: `bash deploy.sh`
13 verbose stack spawn ENOENT
13 verbose stack     at ChildProcess.<anonymous> (/usr/share/npm/lib/utils/spawn.js:17:16)
13 verbose stack     at emitTwo (events.js:126:13)
13 verbose stack     at ChildProcess.emit (events.js:214:7)
13 verbose stack     at maybeClose (internal/child_process.js:925:16)
13 verbose stack     at Process.ChildProcess._handle.onexit (internal/child_process.js:209:5)
14 verbose pkgid myBlog@1.0.0
15 verbose cwd /mnt/c/Users/ferra/Documents/myBlog/git-blog
16 error Linux 4.4.0-17134-Microsoft
17 error argv "/usr/bin/node" "/usr/bin/npm" "run" "deploy"
18 error node v8.10.0
19 error npm  v3.5.2
20 error file sh
21 error code ELIFECYCLE
22 error errno ENOENT
23 error syscall spawn
24 error myBlog@1.0.0 deploy: `bash deploy.sh`
24 error spawn ENOENT
25 error Failed at the myBlog@1.0.0 deploy script 'bash deploy.sh'.
25 error Make sure you have the latest version of node.js and npm installed.
25 error If you do, this is most likely a problem with the myBlog package,
25 error not with npm itself.
25 error Tell the author that this fails on your system:
25 error     bash deploy.sh
25 error You can get information on how to open an issue for this project with:
25 error     npm bugs myBlog
25 error Or if that isn't available, you can get their info via:
25 error     npm owner ls myBlog
25 error There is likely additional logging output above.
26 verbose exit [ 1, true ]
